<?xml version="1.0" encoding="UTF-8"?>
<!-- Generated by org.testng.reporters.JUnitReportReporter -->
<testsuite hostname="DESKTOP-S95H1DJ" failures="0" tests="1" name="TestCase_Repo.Tc_1" time="31.792" errors="0" timestamp="2023-11-07T12:23:09 IST" skipped="0">
  <testcase classname="TestCase_Repo.Tc_1" name="checkLogin" time="31.792"/>
  <system-out/>
</testsuite> <!-- TestCase_Repo.Tc_1 -->
