<?xml version="1.0" encoding="UTF-8"?>
<!-- Generated by org.testng.reporters.JUnitReportReporter -->
<testsuite hostname="DESKTOP-S95H1DJ" failures="0" tests="1" name="TestCase_Repo.VtigerLogin" time="17.408" errors="0" timestamp="2023-11-11T12:25:53 IST" skipped="0">
  <testcase classname="TestCase_Repo.VtigerLogin" name="checkLogin" time="17.408"/>
  <system-out/>
</testsuite> <!-- TestCase_Repo.VtigerLogin -->
